Release 14.7 - xst P.20131013 (nt64)
Copyright (c) 1995-2013 Xilinx, Inc.  All rights reserved.
--> Parameter TMPDIR set to xst/projnav.tmp


Total REAL time to Xst completion: 2.00 secs
Total CPU time to Xst completion: 2.44 secs
 
--> Parameter xsthdpdir set to xst


Total REAL time to Xst completion: 2.00 secs
Total CPU time to Xst completion: 2.44 secs
 
--> Reading design: div.prj

TABLE OF CONTENTS
  1) Synthesis Options Summary
  2) HDL Compilation
  3) Design Hierarchy Analysis
  4) HDL Analysis
  5) HDL Synthesis
     5.1) HDL Synthesis Report
  6) Advanced HDL Synthesis
     6.1) Advanced HDL Synthesis Report
  7) Low Level Synthesis
  8) Partition Report
  9) Final Report
	9.1) Device utilization summary
	9.2) Partition Resource Summary
	9.3) TIMING REPORT


=========================================================================
*                      Synthesis Options Summary                        *
=========================================================================
---- Source Parameters
Input File Name                    : "div.prj"
Input Format                       : mixed
Ignore Synthesis Constraint File   : NO

---- Target Parameters
Output File Name                   : "div"
Output Format                      : NGC
Target Device                      : xc3s700an-4-fgg484

---- Source Options
Top Module Name                    : div
Automatic FSM Extraction           : YES
FSM Encoding Algorithm             : Auto
Safe Implementation                : No
FSM Style                          : LUT
RAM Extraction                     : Yes
RAM Style                          : Auto
ROM Extraction                     : Yes
Mux Style                          : Auto
Decoder Extraction                 : YES
Priority Encoder Extraction        : Yes
Shift Register Extraction          : YES
Logical Shifter Extraction         : YES
XOR Collapsing                     : YES
ROM Style                          : Auto
Mux Extraction                     : Yes
Resource Sharing                   : YES
Asynchronous To Synchronous        : NO
Multiplier Style                   : Auto
Automatic Register Balancing       : No

---- Target Options
Add IO Buffers                     : YES
Global Maximum Fanout              : 100000
Add Generic Clock Buffer(BUFG)     : 24
Register Duplication               : YES
Slice Packing                      : YES
Optimize Instantiated Primitives   : NO
Use Clock Enable                   : Yes
Use Synchronous Set                : Yes
Use Synchronous Reset              : Yes
Pack IO Registers into IOBs        : Auto
Equivalent register Removal        : YES

---- General Options
Optimization Goal                  : Speed
Optimization Effort                : 1
Keep Hierarchy                     : No
Netlist Hierarchy                  : As_Optimized
RTL Output                         : Yes
Global Optimization                : AllClockNets
Read Cores                         : YES
Write Timing Constraints           : NO
Cross Clock Analysis               : NO
Hierarchy Separator                : /
Bus Delimiter                      : <>
Case Specifier                     : Maintain
Slice Utilization Ratio            : 100
BRAM Utilization Ratio             : 100
Verilog 2001                       : YES
Auto BRAM Packing                  : NO
Slice Utilization Ratio Delta      : 5

=========================================================================


=========================================================================
*                          HDL Compilation                              *
=========================================================================
Compiling verilog file "snc.v" in library work
Compiling verilog file "ctrl.v" in library work
Module <snc> compiled
Compiling verilog file "div.v" in library work
Module <ctrl> compiled
Module <div> compiled
No errors in compilation
Analysis of file <"div.prj"> succeeded.
 

=========================================================================
*                     Design Hierarchy Analysis                         *
=========================================================================
Analyzing hierarchy for module <div> in library <work> with parameters.
	N = "00000000000000000000000000000100"

Analyzing hierarchy for module <ctrl> in library <work> with parameters.
	LOAD = "01"
	N = "00000000000000000000000000000100"
	RDY = "00"
	SHIFT = "10"
	SUB = "11"

Analyzing hierarchy for module <snc> in library <work> with parameters.
	N = "00000000000000000000000000000100"


=========================================================================
*                            HDL Analysis                               *
=========================================================================
Analyzing top module <div>.
	N = 32'sb00000000000000000000000000000100
Module <div> is correct for synthesis.
 
Analyzing module <ctrl> in library <work>.
	Calling function <bits>.
	LOAD = 2'b01
	N = 32'sb00000000000000000000000000000100
	RDY = 2'b00
	SHIFT = 2'b10
	SUB = 2'b11
Module <ctrl> is correct for synthesis.
 
Analyzing module <snc> in library <work>.
	N = 32'sb00000000000000000000000000000100
Module <snc> is correct for synthesis.
 

=========================================================================
*                           HDL Synthesis                               *
=========================================================================

Performing bidirectional port resolution...

Synthesizing Unit <ctrl>.
    Related source file is "ctrl.v".
INFO:Xst:2117 - HDL ADVISOR - Mux Selector <state> of Case statement line 42 was re-encoded using one-hot encoding. The case statement will be optimized (default statement optimization), but this optimization may lead to design initialization problems. To ensure the design works safely, you can:
   	- add an 'INIT' attribute on signal <state> (optimization is then done without any risk)
   	- use the attribute 'signal_encoding user' to avoid onehot optimization
   	- use the attribute 'safe_implementation yes' to force XST to perform a safe (but less efficient) optimization
    Found finite state machine <FSM_0> for signal <state>.
    -----------------------------------------------------------------------
    | States             | 4                                              |
    | Transitions        | 8                                              |
    | Inputs             | 4                                              |
    | Outputs            | 4                                              |
    | Clock              | clk                       (rising_edge)        |
    | Reset              | rst                       (positive)           |
    | Reset type         | asynchronous                                   |
    | Reset State        | 00                                             |
    | Encoding           | automatic                                      |
    | Implementation     | LUT                                            |
    -----------------------------------------------------------------------
    Found 3-bit down counter for signal <pos>.
    Summary:
	inferred   1 Finite State Machine(s).
	inferred   1 Counter(s).
Unit <ctrl> synthesized.


Synthesizing Unit <snc>.
    Related source file is "snc.v".
    Found 5-bit comparator greatequal for signal <cmpr>.
    Found 5-bit subtractor for signal <$sub0000> created at line 24.
    Found 9-bit register for signal <acc>.
    Summary:
	inferred   9 D-type flip-flop(s).
	inferred   1 Adder/Subtractor(s).
	inferred   1 Comparator(s).
Unit <snc> synthesized.


Synthesizing Unit <div>.
    Related source file is "div.v".
Unit <div> synthesized.


=========================================================================
HDL Synthesis Report

Macro Statistics
# Adders/Subtractors                                   : 1
 5-bit subtractor                                      : 1
# Counters                                             : 1
 3-bit down counter                                    : 1
# Registers                                            : 9
 1-bit register                                        : 9
# Comparators                                          : 1
 5-bit comparator greatequal                           : 1

=========================================================================

=========================================================================
*                       Advanced HDL Synthesis                          *
=========================================================================

Analyzing FSM <FSM_0> for best encoding.
Optimizing FSM <c/state/FSM> on signal <state[1:2]> with user encoding.
-------------------
 State | Encoding
-------------------
 00    | 00
 01    | 01
 10    | 10
 11    | 11
-------------------

=========================================================================
Advanced HDL Synthesis Report

Macro Statistics
# FSMs                                                 : 1
# Adders/Subtractors                                   : 1
 5-bit subtractor                                      : 1
# Counters                                             : 1
 3-bit down counter                                    : 1
# Registers                                            : 9
 Flip-Flops                                            : 9
# Comparators                                          : 1
 5-bit comparator greatequal                           : 1

=========================================================================

=========================================================================
*                         Low Level Synthesis                           *
=========================================================================

Optimizing unit <div> ...

Optimizing unit <ctrl> ...

Optimizing unit <snc> ...

Mapping all equations...
Building and optimizing final netlist ...
Found area constraint ratio of 100 (+ 5) on block div, actual ratio is 0.

Final Macro Processing ...

=========================================================================
Final Register Report

Macro Statistics
# Registers                                            : 14
 Flip-Flops                                            : 14

=========================================================================

=========================================================================
*                           Partition Report                            *
=========================================================================

Partition Implementation Status
-------------------------------

  No Partitions were found in this design.

-------------------------------

=========================================================================
*                            Final Report                               *
=========================================================================
Final Results
RTL Top Level Output File Name     : div.ngr
Top Level Output File Name         : div
Output Format                      : NGC
Optimization Goal                  : Speed
Keep Hierarchy                     : No

Design Statistics
# IOs                              : 25

Cell Usage :
# BELS                             : 53
#      INV                         : 1
#      LUT2                        : 6
#      LUT2_D                      : 2
#      LUT3                        : 2
#      LUT4                        : 25
#      LUT4_L                      : 1
#      MUXCY                       : 4
#      MUXF5                       : 6
#      VCC                         : 1
#      XORCY                       : 5
# FlipFlops/Latches                : 14
#      FDC                         : 2
#      FDCE                        : 11
#      FDPE                        : 1
# Clock Buffers                    : 1
#      BUFGP                       : 1
# IO Buffers                       : 24
#      IBUF                        : 14
#      OBUF                        : 10
=========================================================================

Device utilization summary:
---------------------------

Selected Device : 3s700anfgg484-4 

 Number of Slices:                       20  out of   5888     0%  
 Number of Slice Flip Flops:             14  out of  11776     0%  
 Number of 4 input LUTs:                 37  out of  11776     0%  
 Number of IOs:                          25
 Number of bonded IOBs:                  25  out of    372     6%  
 Number of GCLKs:                         1  out of     24     4%  

---------------------------
Partition Resource Summary:
---------------------------

  No Partitions were found in this design.

---------------------------


=========================================================================
TIMING REPORT

NOTE: THESE TIMING NUMBERS ARE ONLY A SYNTHESIS ESTIMATE.
      FOR ACCURATE TIMING INFORMATION PLEASE REFER TO THE TRACE REPORT
      GENERATED AFTER PLACE-and-ROUTE.

Clock Information:
------------------
-----------------------------------+------------------------+-------+
Clock Signal                       | Clock buffer(FF name)  | Load  |
-----------------------------------+------------------------+-------+
clk                                | BUFGP                  | 14    |
-----------------------------------+------------------------+-------+

Asynchronous Control Signals Information:
----------------------------------------
-----------------------------------+------------------------+-------+
Control Signal                     | Buffer(FF name)        | Load  |
-----------------------------------+------------------------+-------+
rst                                | IBUF                   | 14    |
-----------------------------------+------------------------+-------+

Timing Summary:
---------------
Speed Grade: -4

   Minimum period: 5.279ns (Maximum Frequency: 189.430MHz)
   Minimum input arrival time before clock: 5.539ns
   Maximum output required time after clock: 9.133ns
   Maximum combinational path delay: 9.393ns

Timing Detail:
--------------
All values displayed in nanoseconds (ns)

=========================================================================
Timing constraint: Default period analysis for Clock 'clk'
  Clock period: 5.279ns (frequency: 189.430MHz)
  Total number of paths / destination ports: 266 / 26
-------------------------------------------------------------------------
Delay:               5.279ns (Levels of Logic = 3)
  Source:            s/acc_6 (FF)
  Destination:       s/acc_0 (FF)
  Source Clock:      clk rising
  Destination Clock: clk rising

  Data Path: s/acc_6 to s/acc_0
                                Gate     Net
    Cell:in->out      fanout   Delay   Delay  Logical Name (Net Name)
    ----------------------------------------  ------------
     FDCE:C->Q             6   0.591   0.672  s/acc_6 (s/acc_6)
     LUT4:I3->O            1   0.648   0.452  s/cmpr1_SW0_SW1 (N22)
     LUT4:I2->O            3   0.648   0.531  s/cmpr1 (cmpr)
     MUXF5:S->O            6   0.756   0.669  s/acc_8_not0001 (s/acc_8_not0001)
     FDCE:CE                   0.312          s/acc_6
    ----------------------------------------
    Total                      5.279ns (2.955ns logic, 2.324ns route)
                                       (56.0% logic, 44.0% route)

=========================================================================
Timing constraint: Default OFFSET IN BEFORE for Clock 'clk'
  Total number of paths / destination ports: 69 / 17
-------------------------------------------------------------------------
Offset:              5.539ns (Levels of Logic = 4)
  Source:            denom<3> (PAD)
  Destination:       s/acc_0 (FF)
  Destination Clock: clk rising

  Data Path: denom<3> to s/acc_0
                                Gate     Net
    Cell:in->out      fanout   Delay   Delay  Logical Name (Net Name)
    ----------------------------------------  ------------
     IBUF:I->O             3   0.849   0.674  denom_3_IBUF (denom_3_IBUF)
     LUT4:I0->O            1   0.648   0.452  s/cmpr1_SW0_SW1 (N22)
     LUT4:I2->O            3   0.648   0.531  s/cmpr1 (cmpr)
     MUXF5:S->O            6   0.756   0.669  s/acc_8_not0001 (s/acc_8_not0001)
     FDCE:CE                   0.312          s/acc_6
    ----------------------------------------
    Total                      5.539ns (3.213ns logic, 2.326ns route)
                                       (58.0% logic, 42.0% route)

=========================================================================
Timing constraint: Default OFFSET OUT AFTER for Clock 'clk'
  Total number of paths / destination ports: 20 / 10
-------------------------------------------------------------------------
Offset:              9.133ns (Levels of Logic = 4)
  Source:            s/acc_6 (FF)
  Destination:       overflow (PAD)
  Source Clock:      clk rising

  Data Path: s/acc_6 to overflow
                                Gate     Net
    Cell:in->out      fanout   Delay   Delay  Logical Name (Net Name)
    ----------------------------------------  ------------
     FDCE:C->Q             6   0.591   0.672  s/acc_6 (s/acc_6)
     LUT4:I3->O            1   0.648   0.452  s/cmpr1_SW0_SW1 (N22)
     LUT4:I2->O            3   0.648   0.534  s/cmpr1 (cmpr)
     LUT4:I3->O            1   0.648   0.420  c/overflow1 (overflow_OBUF)
     OBUF:I->O                 4.520          overflow_OBUF (overflow)
    ----------------------------------------
    Total                      9.133ns (7.055ns logic, 2.078ns route)
                                       (77.2% logic, 22.8% route)

=========================================================================
Timing constraint: Default path analysis
  Total number of paths / destination ports: 6 / 1
-------------------------------------------------------------------------
Delay:               9.393ns (Levels of Logic = 5)
  Source:            denom<3> (PAD)
  Destination:       overflow (PAD)

  Data Path: denom<3> to overflow
                                Gate     Net
    Cell:in->out      fanout   Delay   Delay  Logical Name (Net Name)
    ----------------------------------------  ------------
     IBUF:I->O             3   0.849   0.674  denom_3_IBUF (denom_3_IBUF)
     LUT4:I0->O            1   0.648   0.452  s/cmpr1_SW0_SW1 (N22)
     LUT4:I2->O            3   0.648   0.534  s/cmpr1 (cmpr)
     LUT4:I3->O            1   0.648   0.420  c/overflow1 (overflow_OBUF)
     OBUF:I->O                 4.520          overflow_OBUF (overflow)
    ----------------------------------------
    Total                      9.393ns (7.313ns logic, 2.080ns route)
                                       (77.9% logic, 22.1% route)

=========================================================================


Total REAL time to Xst completion: 13.00 secs
Total CPU time to Xst completion: 12.69 secs
 
--> 

Total memory usage is 254268 kilobytes

Number of errors   :    0 (   0 filtered)
Number of warnings :    0 (   0 filtered)
Number of infos    :    1 (   0 filtered)

